2020-04-15 13:12:22,289 ERROR YTS.WebAPI.Core.CustomExceptionFilterAttribute - System.Data.SqlClient.SqlException (0x80131904): Invalid object name 'meta.ClientSetting'.
   at System.Data.SqlClient.SqlConnection.OnError(SqlException exception, Boolean breakConnection, Action`1 wrapCloseInAction)
   at System.Data.SqlClient.SqlInternalConnection.OnError(SqlException exception, Boolean breakConnection, Action`1 wrapCloseInAction)
   at System.Data.SqlClient.TdsParser.ThrowExceptionAndWarning(TdsParserStateObject stateObj, Boolean callerHasConnectionLock, Boolean asyncClose)
   at System.Data.SqlClient.TdsParser.TryRun(RunBehavior runBehavior, SqlCommand cmdHandler, SqlDataReader dataStream, BulkCopySimpleResultSet bulkCopyHandler, TdsParserStateObject stateObj, Boolean& dataReady)
   at System.Data.SqlClient.SqlDataReader.TryConsumeMetaData()
   at System.Data.SqlClient.SqlDataReader.get_MetaData()
   at System.Data.SqlClient.SqlCommand.FinishExecuteReader(SqlDataReader ds, RunBehavior runBehavior, String resetOptionsString, Boolean isInternal, Boolean forDescribeParameterEncryption, Boolean shouldCacheForAlwaysEncrypted)
   at System.Data.SqlClient.SqlCommand.RunExecuteReaderTds(CommandBehavior cmdBehavior, RunBehavior runBehavior, Boolean returnStream, Boolean async, Int32 timeout, Task& task, Boolean asyncWrite, Boolean inRetry, SqlDataReader ds, Boolean describeParameterEncryptionRequest)
   at System.Data.SqlClient.SqlCommand.RunExecuteReader(CommandBehavior cmdBehavior, RunBehavior runBehavior, Boolean returnStream, String method, TaskCompletionSource`1 completion, Int32 timeout, Task& task, Boolean& usedCache, Boolean asyncWrite, Boolean inRetry)
   at System.Data.SqlClient.SqlCommand.RunExecuteReader(CommandBehavior cmdBehavior, RunBehavior runBehavior, Boolean returnStream, String method)
   at System.Data.SqlClient.SqlCommand.ExecuteReader(CommandBehavior behavior, String method)
   at System.Data.SqlClient.SqlCommand.ExecuteDbDataReader(CommandBehavior behavior)
   at System.Data.Common.DbCommand.System.Data.IDbCommand.ExecuteReader(CommandBehavior behavior)
   at Dapper.SqlMapper.ExecuteReaderWithFlagsFallback(IDbCommand cmd, Boolean wasClosed, CommandBehavior behavior)
   at Dapper.SqlMapper.QueryRowImpl[T](IDbConnection cnn, Row row, CommandDefinition& command, Type effectiveType)
   at Dapper.SqlMapper.QuerySingle[T](IDbConnection cnn, String sql, Object param, IDbTransaction transaction, Nullable`1 commandTimeout, Nullable`1 commandType)
   at YTS.Metadata.ClientSettingRepository.GetClientSetting(Guid clientID) in D:\Projects\Yuvaa\Products\Invoice\DEVELOPMENT\Sprint - 1\Source\Data\YTS.Metadata\ClientSettingRepository.cs:line 48
   at YTS.Metadata.ClientConnectionProvider.GetConnection() in D:\Projects\Yuvaa\Products\Invoice\DEVELOPMENT\Sprint - 1\Source\Data\YTS.Metadata\ClientConnectionProvider.cs:line 26
   at YTS.ClientData.UnitOfWorkClientData..ctor(IConnectionProvider provider) in D:\Projects\Yuvaa\Products\Invoice\DEVELOPMENT\Sprint - 1\Source\Data\YTS.ClientData\UnitOfWorkClientData.cs:line 15
   at YTS.ClientData.Repository`1..ctor(IConnectionProvider provider) in D:\Projects\Yuvaa\Products\Invoice\DEVELOPMENT\Sprint - 1\Source\Data\YTS.ClientData\Repository.cs:line 16
   at YTS.ClientData.ContactRepository..ctor(IConnectionProvider provider) in D:\Projects\Yuvaa\Products\Invoice\DEVELOPMENT\Sprint - 1\Source\Data\YTS.ClientData\Organization\ContactRepository.cs:line 13
   at YTS.Business.ContactManager..ctor(Guid clientID, Guid organizationID) in D:\Projects\Yuvaa\Products\Invoice\DEVELOPMENT\Sprint - 1\Source\Business\YTS.Business\ContactManager.cs:line 23
   at YTS.WebAPI.Core.Controllers.ContactController.GetContacts() in D:\Projects\Yuvaa\Products\Invoice\DEVELOPMENT\Sprint - 1\Source\Service\YTS.WebAPI.Core\Controllers\ContactController.cs:line 28
   at lambda_method(Closure , Object , Object[] )
   at System.Web.Http.Controllers.ReflectedHttpActionDescriptor.ActionExecutor.<>c__DisplayClass6_2.<GetExecutor>b__2(Object instance, Object[] methodParameters)
   at System.Web.Http.Controllers.ReflectedHttpActionDescriptor.ActionExecutor.Execute(Object instance, Object[] arguments)
   at System.Web.Http.Controllers.ReflectedHttpActionDescriptor.ExecuteAsync(HttpControllerContext controllerContext, IDictionary`2 arguments, CancellationToken cancellationToken)
--- End of stack trace from previous location where exception was thrown ---
   at System.Runtime.CompilerServices.TaskAwaiter.ThrowForNonSuccess(Task task)
   at System.Runtime.CompilerServices.TaskAwaiter.HandleNonSuccessAndDebuggerNotification(Task task)
   at System.Web.Http.Controllers.ApiControllerActionInvoker.<InvokeActionAsyncCore>d__1.MoveNext()
--- End of stack trace from previous location where exception was thrown ---
   at System.Runtime.CompilerServices.TaskAwaiter.ThrowForNonSuccess(Task task)
   at System.Runtime.CompilerServices.TaskAwaiter.HandleNonSuccessAndDebuggerNotification(Task task)
   at System.Web.Http.Controllers.ActionFilterResult.<ExecuteAsync>d__5.MoveNext()
--- End of stack trace from previous location where exception was thrown ---
   at System.Runtime.CompilerServices.TaskAwaiter.ThrowForNonSuccess(Task task)
   at System.Runtime.CompilerServices.TaskAwaiter.HandleNonSuccessAndDebuggerNotification(Task task)
   at System.Web.Http.Controllers.ExceptionFilterResult.<ExecuteAsync>d__6.MoveNext()
ClientConnectionId:c8f1786f-fea7-49a8-8f11-53115418d5a6
Error Number:208,State:1,Class:16
