D:\Projects\Yuvaa\Products\Invoice\DEVELOPMENT\Sprint - 1\Source\Web\YTS.Web\ng-invoice\dist\out-tsc\environments\environment.js
D:\Projects\Yuvaa\Products\Invoice\DEVELOPMENT\Sprint - 1\Source\Web\YTS.Web\ng-invoice\dist\out-tsc\environments\environment.js.map
D:\Projects\Yuvaa\Products\Invoice\DEVELOPMENT\Sprint - 1\Source\Web\YTS.Web\ng-invoice\dist\out-tsc\app\shared\models\auth.model.js
D:\Projects\Yuvaa\Products\Invoice\DEVELOPMENT\Sprint - 1\Source\Web\YTS.Web\ng-invoice\dist\out-tsc\app\shared\models\auth.model.js.map
D:\Projects\Yuvaa\Products\Invoice\DEVELOPMENT\Sprint - 1\Source\Web\YTS.Web\ng-invoice\dist\out-tsc\app\shared\modules\layout\services\profile.service.js
D:\Projects\Yuvaa\Products\Invoice\DEVELOPMENT\Sprint - 1\Source\Web\YTS.Web\ng-invoice\dist\out-tsc\app\shared\modules\layout\services\profile.service.js.map
D:\Projects\Yuvaa\Products\Invoice\DEVELOPMENT\Sprint - 1\Source\Web\YTS.Web\ng-invoice\dist\out-tsc\app\shared\modules\logger\logger.service.js
D:\Projects\Yuvaa\Products\Invoice\DEVELOPMENT\Sprint - 1\Source\Web\YTS.Web\ng-invoice\dist\out-tsc\app\shared\modules\logger\logger.service.js.map
D:\Projects\Yuvaa\Products\Invoice\DEVELOPMENT\Sprint - 1\Source\Web\YTS.Web\ng-invoice\dist\out-tsc\app\shared\services\persistance.service.js
D:\Projects\Yuvaa\Products\Invoice\DEVELOPMENT\Sprint - 1\Source\Web\YTS.Web\ng-invoice\dist\out-tsc\app\shared\services\persistance.service.js.map
D:\Projects\Yuvaa\Products\Invoice\DEVELOPMENT\Sprint - 1\Source\Web\YTS.Web\ng-invoice\dist\out-tsc\app\shared\modules\layout\services\authentication.service.js
D:\Projects\Yuvaa\Products\Invoice\DEVELOPMENT\Sprint - 1\Source\Web\YTS.Web\ng-invoice\dist\out-tsc\app\shared\modules\layout\services\authentication.service.js.map
D:\Projects\Yuvaa\Products\Invoice\DEVELOPMENT\Sprint - 1\Source\Web\YTS.Web\ng-invoice\dist\out-tsc\app\shared\interceptors\auth.interceptor.js
D:\Projects\Yuvaa\Products\Invoice\DEVELOPMENT\Sprint - 1\Source\Web\YTS.Web\ng-invoice\dist\out-tsc\app\shared\interceptors\auth.interceptor.js.map
D:\Projects\Yuvaa\Products\Invoice\DEVELOPMENT\Sprint - 1\Source\Web\YTS.Web\ng-invoice\dist\out-tsc\app\shared\interceptors\error.interceptor.js
D:\Projects\Yuvaa\Products\Invoice\DEVELOPMENT\Sprint - 1\Source\Web\YTS.Web\ng-invoice\dist\out-tsc\app\shared\interceptors\error.interceptor.js.map
D:\Projects\Yuvaa\Products\Invoice\DEVELOPMENT\Sprint - 1\Source\Web\YTS.Web\ng-invoice\dist\out-tsc\app\shared\interceptors\index.js
D:\Projects\Yuvaa\Products\Invoice\DEVELOPMENT\Sprint - 1\Source\Web\YTS.Web\ng-invoice\dist\out-tsc\app\shared\interceptors\index.js.map
D:\Projects\Yuvaa\Products\Invoice\DEVELOPMENT\Sprint - 1\Source\Web\YTS.Web\ng-invoice\dist\out-tsc\app\shared\guards\auth.guard.js
D:\Projects\Yuvaa\Products\Invoice\DEVELOPMENT\Sprint - 1\Source\Web\YTS.Web\ng-invoice\dist\out-tsc\app\shared\guards\auth.guard.js.map
D:\Projects\Yuvaa\Products\Invoice\DEVELOPMENT\Sprint - 1\Source\Web\YTS.Web\ng-invoice\dist\out-tsc\app\shared\modules\layout\app-routing.module.js
D:\Projects\Yuvaa\Products\Invoice\DEVELOPMENT\Sprint - 1\Source\Web\YTS.Web\ng-invoice\dist\out-tsc\app\shared\modules\layout\app-routing.module.js.map
D:\Projects\Yuvaa\Products\Invoice\DEVELOPMENT\Sprint - 1\Source\Web\YTS.Web\ng-invoice\dist\out-tsc\app\shared\utils\pipes\isEmpty.pipe.js
D:\Projects\Yuvaa\Products\Invoice\DEVELOPMENT\Sprint - 1\Source\Web\YTS.Web\ng-invoice\dist\out-tsc\app\shared\utils\pipes\isEmpty.pipe.js.map
D:\Projects\Yuvaa\Products\Invoice\DEVELOPMENT\Sprint - 1\Source\Web\YTS.Web\ng-invoice\dist\out-tsc\app\shared\utils\pipes\pipe.module.js
D:\Projects\Yuvaa\Products\Invoice\DEVELOPMENT\Sprint - 1\Source\Web\YTS.Web\ng-invoice\dist\out-tsc\app\shared\utils\pipes\pipe.module.js.map
D:\Projects\Yuvaa\Products\Invoice\DEVELOPMENT\Sprint - 1\Source\Web\YTS.Web\ng-invoice\dist\out-tsc\app\shared\modules\exception\exception.service.js
D:\Projects\Yuvaa\Products\Invoice\DEVELOPMENT\Sprint - 1\Source\Web\YTS.Web\ng-invoice\dist\out-tsc\app\shared\modules\exception\exception.service.js.map
D:\Projects\Yuvaa\Products\Invoice\DEVELOPMENT\Sprint - 1\Source\Web\YTS.Web\ng-invoice\dist\out-tsc\app\shared\modules\exception\handler\app.exception.handler.js
D:\Projects\Yuvaa\Products\Invoice\DEVELOPMENT\Sprint - 1\Source\Web\YTS.Web\ng-invoice\dist\out-tsc\app\shared\modules\exception\handler\app.exception.handler.js.map
D:\Projects\Yuvaa\Products\Invoice\DEVELOPMENT\Sprint - 1\Source\Web\YTS.Web\ng-invoice\dist\out-tsc\app\shared\modules\exception\components\exception-handler\exception-handler.component.js
D:\Projects\Yuvaa\Products\Invoice\DEVELOPMENT\Sprint - 1\Source\Web\YTS.Web\ng-invoice\dist\out-tsc\app\shared\modules\exception\components\exception-handler\exception-handler.component.js.map
D:\Projects\Yuvaa\Products\Invoice\DEVELOPMENT\Sprint - 1\Source\Web\YTS.Web\ng-invoice\dist\out-tsc\app\shared\modules\exception\exception-routing.module.js
D:\Projects\Yuvaa\Products\Invoice\DEVELOPMENT\Sprint - 1\Source\Web\YTS.Web\ng-invoice\dist\out-tsc\app\shared\modules\exception\exception-routing.module.js.map
D:\Projects\Yuvaa\Products\Invoice\DEVELOPMENT\Sprint - 1\Source\Web\YTS.Web\ng-invoice\dist\out-tsc\app\shared\modules\exception\exception.module.js
D:\Projects\Yuvaa\Products\Invoice\DEVELOPMENT\Sprint - 1\Source\Web\YTS.Web\ng-invoice\dist\out-tsc\app\shared\modules\exception\exception.module.js.map
D:\Projects\Yuvaa\Products\Invoice\DEVELOPMENT\Sprint - 1\Source\Web\YTS.Web\ng-invoice\dist\out-tsc\app\shared\modules\logger\console-logger.service.js
D:\Projects\Yuvaa\Products\Invoice\DEVELOPMENT\Sprint - 1\Source\Web\YTS.Web\ng-invoice\dist\out-tsc\app\shared\modules\logger\console-logger.service.js.map
D:\Projects\Yuvaa\Products\Invoice\DEVELOPMENT\Sprint - 1\Source\Web\YTS.Web\ng-invoice\dist\out-tsc\app\shared\modules\logger\logger.module.js
D:\Projects\Yuvaa\Products\Invoice\DEVELOPMENT\Sprint - 1\Source\Web\YTS.Web\ng-invoice\dist\out-tsc\app\shared\modules\logger\logger.module.js.map
D:\Projects\Yuvaa\Products\Invoice\DEVELOPMENT\Sprint - 1\Source\Web\YTS.Web\ng-invoice\dist\out-tsc\app\shared\modules\layout\components\content\app.component.js
D:\Projects\Yuvaa\Products\Invoice\DEVELOPMENT\Sprint - 1\Source\Web\YTS.Web\ng-invoice\dist\out-tsc\app\shared\modules\layout\components\content\app.component.js.map
D:\Projects\Yuvaa\Products\Invoice\DEVELOPMENT\Sprint - 1\Source\Web\YTS.Web\ng-invoice\dist\out-tsc\app\shared\modules\layout\components\side-nav\side-nav.component.js
D:\Projects\Yuvaa\Products\Invoice\DEVELOPMENT\Sprint - 1\Source\Web\YTS.Web\ng-invoice\dist\out-tsc\app\shared\modules\layout\components\side-nav\side-nav.component.js.map
D:\Projects\Yuvaa\Products\Invoice\DEVELOPMENT\Sprint - 1\Source\Web\YTS.Web\ng-invoice\dist\out-tsc\app\shared\modules\layout\components\top-nav\top-nav.component.js
D:\Projects\Yuvaa\Products\Invoice\DEVELOPMENT\Sprint - 1\Source\Web\YTS.Web\ng-invoice\dist\out-tsc\app\shared\modules\layout\components\top-nav\top-nav.component.js.map
D:\Projects\Yuvaa\Products\Invoice\DEVELOPMENT\Sprint - 1\Source\Web\YTS.Web\ng-invoice\dist\out-tsc\app\shared\modules\layout\components\footer\footer.component.js
D:\Projects\Yuvaa\Products\Invoice\DEVELOPMENT\Sprint - 1\Source\Web\YTS.Web\ng-invoice\dist\out-tsc\app\shared\modules\layout\components\footer\footer.component.js.map
D:\Projects\Yuvaa\Products\Invoice\DEVELOPMENT\Sprint - 1\Source\Web\YTS.Web\ng-invoice\dist\out-tsc\app\shared\modules\layout\app.module.js
D:\Projects\Yuvaa\Products\Invoice\DEVELOPMENT\Sprint - 1\Source\Web\YTS.Web\ng-invoice\dist\out-tsc\app\shared\modules\layout\app.module.js.map
D:\Projects\Yuvaa\Products\Invoice\DEVELOPMENT\Sprint - 1\Source\Web\YTS.Web\ng-invoice\dist\out-tsc\main.js
D:\Projects\Yuvaa\Products\Invoice\DEVELOPMENT\Sprint - 1\Source\Web\YTS.Web\ng-invoice\dist\out-tsc\main.js.map
D:\Projects\Yuvaa\Products\Invoice\DEVELOPMENT\Sprint - 1\Source\Web\YTS.Web\ng-invoice\dist\out-tsc\polyfills.js
D:\Projects\Yuvaa\Products\Invoice\DEVELOPMENT\Sprint - 1\Source\Web\YTS.Web\ng-invoice\dist\out-tsc\polyfills.js.map
D:\Projects\Yuvaa\Products\Invoice\DEVELOPMENT\Sprint - 1\Source\Web\YTS.Web\ng-invoice\dist\out-tsc\test.js
D:\Projects\Yuvaa\Products\Invoice\DEVELOPMENT\Sprint - 1\Source\Web\YTS.Web\ng-invoice\dist\out-tsc\test.js.map
D:\Projects\Yuvaa\Products\Invoice\DEVELOPMENT\Sprint - 1\Source\Web\YTS.Web\ng-invoice\dist\out-tsc\app\shared\models\common.model.js
D:\Projects\Yuvaa\Products\Invoice\DEVELOPMENT\Sprint - 1\Source\Web\YTS.Web\ng-invoice\dist\out-tsc\app\shared\models\common.model.js.map
D:\Projects\Yuvaa\Products\Invoice\DEVELOPMENT\Sprint - 1\Source\Web\YTS.Web\ng-invoice\dist\out-tsc\app\modules\contact\services\contact.model.js
D:\Projects\Yuvaa\Products\Invoice\DEVELOPMENT\Sprint - 1\Source\Web\YTS.Web\ng-invoice\dist\out-tsc\app\modules\contact\services\contact.model.js.map
D:\Projects\Yuvaa\Products\Invoice\DEVELOPMENT\Sprint - 1\Source\Web\YTS.Web\ng-invoice\dist\out-tsc\app\modules\contact\services\contact.service.js
D:\Projects\Yuvaa\Products\Invoice\DEVELOPMENT\Sprint - 1\Source\Web\YTS.Web\ng-invoice\dist\out-tsc\app\modules\contact\services\contact.service.js.map
D:\Projects\Yuvaa\Products\Invoice\DEVELOPMENT\Sprint - 1\Source\Web\YTS.Web\ng-invoice\dist\out-tsc\app\modules\contact\components\contact-save\contact-save.component.js
D:\Projects\Yuvaa\Products\Invoice\DEVELOPMENT\Sprint - 1\Source\Web\YTS.Web\ng-invoice\dist\out-tsc\app\modules\contact\components\contact-save\contact-save.component.js.map
D:\Projects\Yuvaa\Products\Invoice\DEVELOPMENT\Sprint - 1\Source\Web\YTS.Web\ng-invoice\dist\out-tsc\app\modules\contact\components\contact-view\contact-view.component.js
D:\Projects\Yuvaa\Products\Invoice\DEVELOPMENT\Sprint - 1\Source\Web\YTS.Web\ng-invoice\dist\out-tsc\app\modules\contact\components\contact-view\contact-view.component.js.map
D:\Projects\Yuvaa\Products\Invoice\DEVELOPMENT\Sprint - 1\Source\Web\YTS.Web\ng-invoice\dist\out-tsc\app\modules\contact\contact-routing.module.js
D:\Projects\Yuvaa\Products\Invoice\DEVELOPMENT\Sprint - 1\Source\Web\YTS.Web\ng-invoice\dist\out-tsc\app\modules\contact\contact-routing.module.js.map
D:\Projects\Yuvaa\Products\Invoice\DEVELOPMENT\Sprint - 1\Source\Web\YTS.Web\ng-invoice\dist\out-tsc\app\shared\controls\datatable\directives\datatable.directive.js
D:\Projects\Yuvaa\Products\Invoice\DEVELOPMENT\Sprint - 1\Source\Web\YTS.Web\ng-invoice\dist\out-tsc\app\shared\controls\datatable\directives\datatable.directive.js.map
D:\Projects\Yuvaa\Products\Invoice\DEVELOPMENT\Sprint - 1\Source\Web\YTS.Web\ng-invoice\dist\out-tsc\app\shared\controls\datatable\datatable.module.js
D:\Projects\Yuvaa\Products\Invoice\DEVELOPMENT\Sprint - 1\Source\Web\YTS.Web\ng-invoice\dist\out-tsc\app\shared\controls\datatable\datatable.module.js.map
D:\Projects\Yuvaa\Products\Invoice\DEVELOPMENT\Sprint - 1\Source\Web\YTS.Web\ng-invoice\dist\out-tsc\app\modules\contact\contact.module.js
D:\Projects\Yuvaa\Products\Invoice\DEVELOPMENT\Sprint - 1\Source\Web\YTS.Web\ng-invoice\dist\out-tsc\app\modules\contact\contact.module.js.map
D:\Projects\Yuvaa\Products\Invoice\DEVELOPMENT\Sprint - 1\Source\Web\YTS.Web\ng-invoice\dist\out-tsc\app\modules\dashboard\components\dashboard-view\dashboard-view.component.js
D:\Projects\Yuvaa\Products\Invoice\DEVELOPMENT\Sprint - 1\Source\Web\YTS.Web\ng-invoice\dist\out-tsc\app\modules\dashboard\components\dashboard-view\dashboard-view.component.js.map
D:\Projects\Yuvaa\Products\Invoice\DEVELOPMENT\Sprint - 1\Source\Web\YTS.Web\ng-invoice\dist\out-tsc\app\modules\dashboard\dashboard-routing.module.js
D:\Projects\Yuvaa\Products\Invoice\DEVELOPMENT\Sprint - 1\Source\Web\YTS.Web\ng-invoice\dist\out-tsc\app\modules\dashboard\dashboard-routing.module.js.map
D:\Projects\Yuvaa\Products\Invoice\DEVELOPMENT\Sprint - 1\Source\Web\YTS.Web\ng-invoice\dist\out-tsc\app\modules\dashboard\dashboard.module.js
D:\Projects\Yuvaa\Products\Invoice\DEVELOPMENT\Sprint - 1\Source\Web\YTS.Web\ng-invoice\dist\out-tsc\app\modules\dashboard\dashboard.module.js.map
D:\Projects\Yuvaa\Products\Invoice\DEVELOPMENT\Sprint - 1\Source\Web\YTS.Web\ng-invoice\dist\out-tsc\app\modules\dashboard\components\dashboard-view\dashboard-view.component.spec.js
D:\Projects\Yuvaa\Products\Invoice\DEVELOPMENT\Sprint - 1\Source\Web\YTS.Web\ng-invoice\dist\out-tsc\app\modules\dashboard\components\dashboard-view\dashboard-view.component.spec.js.map
D:\Projects\Yuvaa\Products\Invoice\DEVELOPMENT\Sprint - 1\Source\Web\YTS.Web\ng-invoice\dist\out-tsc\app\modules\invoice\services\invoice.model.js
D:\Projects\Yuvaa\Products\Invoice\DEVELOPMENT\Sprint - 1\Source\Web\YTS.Web\ng-invoice\dist\out-tsc\app\modules\invoice\services\invoice.model.js.map
D:\Projects\Yuvaa\Products\Invoice\DEVELOPMENT\Sprint - 1\Source\Web\YTS.Web\ng-invoice\dist\out-tsc\app\modules\invoice\services\invoice.service.js
D:\Projects\Yuvaa\Products\Invoice\DEVELOPMENT\Sprint - 1\Source\Web\YTS.Web\ng-invoice\dist\out-tsc\app\modules\invoice\services\invoice.service.js.map
D:\Projects\Yuvaa\Products\Invoice\DEVELOPMENT\Sprint - 1\Source\Web\YTS.Web\ng-invoice\dist\out-tsc\app\modules\invoice\components\invoice-view\invoice-view.component.js
D:\Projects\Yuvaa\Products\Invoice\DEVELOPMENT\Sprint - 1\Source\Web\YTS.Web\ng-invoice\dist\out-tsc\app\modules\invoice\components\invoice-view\invoice-view.component.js.map
D:\Projects\Yuvaa\Products\Invoice\DEVELOPMENT\Sprint - 1\Source\Web\YTS.Web\ng-invoice\dist\out-tsc\app\shared\controls\cell-renderer\cell-renderer.component.js
D:\Projects\Yuvaa\Products\Invoice\DEVELOPMENT\Sprint - 1\Source\Web\YTS.Web\ng-invoice\dist\out-tsc\app\shared\controls\cell-renderer\cell-renderer.component.js.map
D:\Projects\Yuvaa\Products\Invoice\DEVELOPMENT\Sprint - 1\Source\Web\YTS.Web\ng-invoice\dist\out-tsc\app\shared\controls\cell-renderer\numeric-editor.component.js
D:\Projects\Yuvaa\Products\Invoice\DEVELOPMENT\Sprint - 1\Source\Web\YTS.Web\ng-invoice\dist\out-tsc\app\shared\controls\cell-renderer\numeric-editor.component.js.map
D:\Projects\Yuvaa\Products\Invoice\DEVELOPMENT\Sprint - 1\Source\Web\YTS.Web\ng-invoice\dist\out-tsc\app\modules\invoice\components\invoice-save\invoice-save.component.js
D:\Projects\Yuvaa\Products\Invoice\DEVELOPMENT\Sprint - 1\Source\Web\YTS.Web\ng-invoice\dist\out-tsc\app\modules\invoice\components\invoice-save\invoice-save.component.js.map
D:\Projects\Yuvaa\Products\Invoice\DEVELOPMENT\Sprint - 1\Source\Web\YTS.Web\ng-invoice\dist\out-tsc\app\modules\invoice\invoice-routing.module.js
D:\Projects\Yuvaa\Products\Invoice\DEVELOPMENT\Sprint - 1\Source\Web\YTS.Web\ng-invoice\dist\out-tsc\app\modules\invoice\invoice-routing.module.js.map
D:\Projects\Yuvaa\Products\Invoice\DEVELOPMENT\Sprint - 1\Source\Web\YTS.Web\ng-invoice\dist\out-tsc\app\modules\invoice\invoice.module.js
D:\Projects\Yuvaa\Products\Invoice\DEVELOPMENT\Sprint - 1\Source\Web\YTS.Web\ng-invoice\dist\out-tsc\app\modules\invoice\invoice.module.js.map
D:\Projects\Yuvaa\Products\Invoice\DEVELOPMENT\Sprint - 1\Source\Web\YTS.Web\ng-invoice\dist\out-tsc\app\modules\login\components\login-view\login-view.component.js
D:\Projects\Yuvaa\Products\Invoice\DEVELOPMENT\Sprint - 1\Source\Web\YTS.Web\ng-invoice\dist\out-tsc\app\modules\login\components\login-view\login-view.component.js.map
D:\Projects\Yuvaa\Products\Invoice\DEVELOPMENT\Sprint - 1\Source\Web\YTS.Web\ng-invoice\dist\out-tsc\app\modules\login\login-routing.module.js
D:\Projects\Yuvaa\Products\Invoice\DEVELOPMENT\Sprint - 1\Source\Web\YTS.Web\ng-invoice\dist\out-tsc\app\modules\login\login-routing.module.js.map
D:\Projects\Yuvaa\Products\Invoice\DEVELOPMENT\Sprint - 1\Source\Web\YTS.Web\ng-invoice\dist\out-tsc\app\modules\login\login.module.js
D:\Projects\Yuvaa\Products\Invoice\DEVELOPMENT\Sprint - 1\Source\Web\YTS.Web\ng-invoice\dist\out-tsc\app\modules\login\login.module.js.map
D:\Projects\Yuvaa\Products\Invoice\DEVELOPMENT\Sprint - 1\Source\Web\YTS.Web\ng-invoice\dist\out-tsc\app\modules\login\components\login-view\login-view.component.spec.js
D:\Projects\Yuvaa\Products\Invoice\DEVELOPMENT\Sprint - 1\Source\Web\YTS.Web\ng-invoice\dist\out-tsc\app\modules\login\components\login-view\login-view.component.spec.js.map
D:\Projects\Yuvaa\Products\Invoice\DEVELOPMENT\Sprint - 1\Source\Web\YTS.Web\ng-invoice\dist\out-tsc\app\modules\salesperson\services\salesperson.model.js
D:\Projects\Yuvaa\Products\Invoice\DEVELOPMENT\Sprint - 1\Source\Web\YTS.Web\ng-invoice\dist\out-tsc\app\modules\salesperson\services\salesperson.model.js.map
D:\Projects\Yuvaa\Products\Invoice\DEVELOPMENT\Sprint - 1\Source\Web\YTS.Web\ng-invoice\dist\out-tsc\app\modules\salesperson\services\salesperson.service.js
D:\Projects\Yuvaa\Products\Invoice\DEVELOPMENT\Sprint - 1\Source\Web\YTS.Web\ng-invoice\dist\out-tsc\app\modules\salesperson\services\salesperson.service.js.map
D:\Projects\Yuvaa\Products\Invoice\DEVELOPMENT\Sprint - 1\Source\Web\YTS.Web\ng-invoice\dist\out-tsc\app\modules\salesperson\components\salesperson-save\salesperson-save.component.js
D:\Projects\Yuvaa\Products\Invoice\DEVELOPMENT\Sprint - 1\Source\Web\YTS.Web\ng-invoice\dist\out-tsc\app\modules\salesperson\components\salesperson-save\salesperson-save.component.js.map
D:\Projects\Yuvaa\Products\Invoice\DEVELOPMENT\Sprint - 1\Source\Web\YTS.Web\ng-invoice\dist\out-tsc\app\modules\salesperson\components\salesperson-view\salesperson-view.component.js
D:\Projects\Yuvaa\Products\Invoice\DEVELOPMENT\Sprint - 1\Source\Web\YTS.Web\ng-invoice\dist\out-tsc\app\modules\salesperson\components\salesperson-view\salesperson-view.component.js.map
D:\Projects\Yuvaa\Products\Invoice\DEVELOPMENT\Sprint - 1\Source\Web\YTS.Web\ng-invoice\dist\out-tsc\app\modules\salesperson\salesperson-routing.module.js
D:\Projects\Yuvaa\Products\Invoice\DEVELOPMENT\Sprint - 1\Source\Web\YTS.Web\ng-invoice\dist\out-tsc\app\modules\salesperson\salesperson-routing.module.js.map
D:\Projects\Yuvaa\Products\Invoice\DEVELOPMENT\Sprint - 1\Source\Web\YTS.Web\ng-invoice\dist\out-tsc\app\modules\salesperson\salesperson.module.js
D:\Projects\Yuvaa\Products\Invoice\DEVELOPMENT\Sprint - 1\Source\Web\YTS.Web\ng-invoice\dist\out-tsc\app\modules\salesperson\salesperson.module.js.map
D:\Projects\Yuvaa\Products\Invoice\DEVELOPMENT\Sprint - 1\Source\Web\YTS.Web\ng-invoice\dist\out-tsc\app\modules\unit\services\unit.model.js
D:\Projects\Yuvaa\Products\Invoice\DEVELOPMENT\Sprint - 1\Source\Web\YTS.Web\ng-invoice\dist\out-tsc\app\modules\unit\services\unit.model.js.map
D:\Projects\Yuvaa\Products\Invoice\DEVELOPMENT\Sprint - 1\Source\Web\YTS.Web\ng-invoice\dist\out-tsc\app\modules\unit\services\unit.service.js
D:\Projects\Yuvaa\Products\Invoice\DEVELOPMENT\Sprint - 1\Source\Web\YTS.Web\ng-invoice\dist\out-tsc\app\modules\unit\services\unit.service.js.map
D:\Projects\Yuvaa\Products\Invoice\DEVELOPMENT\Sprint - 1\Source\Web\YTS.Web\ng-invoice\dist\out-tsc\app\modules\unit\components\unit-save\unit-save.component.js
D:\Projects\Yuvaa\Products\Invoice\DEVELOPMENT\Sprint - 1\Source\Web\YTS.Web\ng-invoice\dist\out-tsc\app\modules\unit\components\unit-save\unit-save.component.js.map
D:\Projects\Yuvaa\Products\Invoice\DEVELOPMENT\Sprint - 1\Source\Web\YTS.Web\ng-invoice\dist\out-tsc\app\modules\unit\components\unit-view\unit-view.component.js
D:\Projects\Yuvaa\Products\Invoice\DEVELOPMENT\Sprint - 1\Source\Web\YTS.Web\ng-invoice\dist\out-tsc\app\modules\unit\components\unit-view\unit-view.component.js.map
D:\Projects\Yuvaa\Products\Invoice\DEVELOPMENT\Sprint - 1\Source\Web\YTS.Web\ng-invoice\dist\out-tsc\app\modules\unit\unit-routing.module.js
D:\Projects\Yuvaa\Products\Invoice\DEVELOPMENT\Sprint - 1\Source\Web\YTS.Web\ng-invoice\dist\out-tsc\app\modules\unit\unit-routing.module.js.map
D:\Projects\Yuvaa\Products\Invoice\DEVELOPMENT\Sprint - 1\Source\Web\YTS.Web\ng-invoice\dist\out-tsc\app\modules\unit\unit.module.js
D:\Projects\Yuvaa\Products\Invoice\DEVELOPMENT\Sprint - 1\Source\Web\YTS.Web\ng-invoice\dist\out-tsc\app\modules\unit\unit.module.js.map
D:\Projects\Yuvaa\Products\Invoice\DEVELOPMENT\Sprint - 1\Source\Web\YTS.Web\ng-invoice\dist\out-tsc\app\shared\modules\exception\exception.module.spec.js
D:\Projects\Yuvaa\Products\Invoice\DEVELOPMENT\Sprint - 1\Source\Web\YTS.Web\ng-invoice\dist\out-tsc\app\shared\modules\exception\exception.module.spec.js.map
D:\Projects\Yuvaa\Products\Invoice\DEVELOPMENT\Sprint - 1\Source\Web\YTS.Web\ng-invoice\dist\out-tsc\app\shared\modules\exception\components\exception-handler\exception-handler.component.spec.js
D:\Projects\Yuvaa\Products\Invoice\DEVELOPMENT\Sprint - 1\Source\Web\YTS.Web\ng-invoice\dist\out-tsc\app\shared\modules\exception\components\exception-handler\exception-handler.component.spec.js.map
D:\Projects\Yuvaa\Products\Invoice\DEVELOPMENT\Sprint - 1\Source\Web\YTS.Web\ng-invoice\dist\out-tsc\app\shared\modules\layout\components\content\app.component.spec.js
D:\Projects\Yuvaa\Products\Invoice\DEVELOPMENT\Sprint - 1\Source\Web\YTS.Web\ng-invoice\dist\out-tsc\app\shared\modules\layout\components\content\app.component.spec.js.map
D:\Projects\Yuvaa\Products\Invoice\DEVELOPMENT\Sprint - 1\Source\Web\YTS.Web\ng-invoice\dist\out-tsc\app\shared\modules\layout\components\side-nav\side-nav.component.spec.js
D:\Projects\Yuvaa\Products\Invoice\DEVELOPMENT\Sprint - 1\Source\Web\YTS.Web\ng-invoice\dist\out-tsc\app\shared\modules\layout\components\side-nav\side-nav.component.spec.js.map
D:\Projects\Yuvaa\Products\Invoice\DEVELOPMENT\Sprint - 1\Source\Web\YTS.Web\ng-invoice\dist\out-tsc\app\shared\modules\layout\components\top-nav\top-nav.component.spec.js
D:\Projects\Yuvaa\Products\Invoice\DEVELOPMENT\Sprint - 1\Source\Web\YTS.Web\ng-invoice\dist\out-tsc\app\shared\modules\layout\components\top-nav\top-nav.component.spec.js.map
D:\Projects\Yuvaa\Products\Invoice\DEVELOPMENT\Sprint - 1\Source\Web\YTS.Web\ng-invoice\dist\out-tsc\app\shared\modules\logger\logger.service.spec.js
D:\Projects\Yuvaa\Products\Invoice\DEVELOPMENT\Sprint - 1\Source\Web\YTS.Web\ng-invoice\dist\out-tsc\app\shared\modules\logger\logger.service.spec.js.map
D:\Projects\Yuvaa\Products\Invoice\DEVELOPMENT\Sprint - 1\Source\Web\YTS.Web\ng-invoice\dist\out-tsc\environments\environment.prod.js
D:\Projects\Yuvaa\Products\Invoice\DEVELOPMENT\Sprint - 1\Source\Web\YTS.Web\ng-invoice\dist\out-tsc\environments\environment.prod.js.map
